Working directory: C:\Users\beny\Desktop\New Unity Project\Personal_Project\Util\Excel2Json\

Loading: C:\Users\beny\Desktop\New Unity Project\Personal_Project\Util\Excel2Json\CHARACTER_TEMPLATE.xlsx
Parsing: C:\Users\beny\Desktop\New Unity Project\Personal_Project\Util\Excel2Json\CHARACTER_TEMPLATE.xlsx.$$$\Sheet1.csv
Closing: C:\Users\beny\Desktop\New Unity Project\Personal_Project\Util\Excel2Json\CHARACTER_TEMPLATE.xlsx
------------------------------------------------------------------------------
[CHARACTER_TEMPLATE.xlsx(Sheet1): ROW 1]
Found object mark: '#CHARACTER_TEMPLATE{{}}'
Parsing Object Object Table...
Using key index: 1

Loading: C:\Users\beny\Desktop\New Unity Project\Personal_Project\Util\Excel2Json\CRAFT_INFO.xlsx
Parsing: C:\Users\beny\Desktop\New Unity Project\Personal_Project\Util\Excel2Json\CRAFT_INFO.xlsx.$$$\Sheet1.csv
Closing: C:\Users\beny\Desktop\New Unity Project\Personal_Project\Util\Excel2Json\CRAFT_INFO.xlsx
------------------------------------------------------------------------------
[CRAFT_INFO.xlsx(Sheet1): ROW 1]
Found object mark: '#CRAFT_INFO{{}}'
Parsing Object Object Table...
Using key index: 1

Loading: C:\Users\beny\Desktop\New Unity Project\Personal_Project\Util\Excel2Json\ITEM_INFO.xlsx
Parsing: C:\Users\beny\Desktop\New Unity Project\Personal_Project\Util\Excel2Json\ITEM_INFO.xlsx.$$$\Sheet1.csv
Closing: C:\Users\beny\Desktop\New Unity Project\Personal_Project\Util\Excel2Json\ITEM_INFO.xlsx
------------------------------------------------------------------------------
[ITEM_INFO.xlsx(Sheet1): ROW 1]
Found object mark: '#ITEM_INFO{{}}'
Parsing Object Object Table...
Using key index: 1

Loading: C:\Users\beny\Desktop\New Unity Project\Personal_Project\Util\Excel2Json\QUEST_INFO.xlsx
Parsing: C:\Users\beny\Desktop\New Unity Project\Personal_Project\Util\Excel2Json\QUEST_INFO.xlsx.$$$\Sheet1.csv
Closing: C:\Users\beny\Desktop\New Unity Project\Personal_Project\Util\Excel2Json\QUEST_INFO.xlsx
------------------------------------------------------------------------------
[QUEST_INFO.xlsx(Sheet1): ROW 1]
Found object mark: '#QUEST_INFO{{}}'
Parsing Object Object Table...
Using key index: 1

Loading: C:\Users\beny\Desktop\New Unity Project\Personal_Project\Util\Excel2Json\SKILL_DATA.xlsx
Parsing: C:\Users\beny\Desktop\New Unity Project\Personal_Project\Util\Excel2Json\SKILL_DATA.xlsx.$$$\Sheet1.csv
Closing: C:\Users\beny\Desktop\New Unity Project\Personal_Project\Util\Excel2Json\SKILL_DATA.xlsx
------------------------------------------------------------------------------
[SKILL_DATA.xlsx(Sheet1): ROW 1]
Found object mark: '#SKILL_DATA{{}}'
Parsing Object Object Table...
Using key index: 1

Loading: C:\Users\beny\Desktop\New Unity Project\Personal_Project\Util\Excel2Json\SKILL_TEMPLATE.xlsx
Parsing: C:\Users\beny\Desktop\New Unity Project\Personal_Project\Util\Excel2Json\SKILL_TEMPLATE.xlsx.$$$\Sheet1.csv
Closing: C:\Users\beny\Desktop\New Unity Project\Personal_Project\Util\Excel2Json\SKILL_TEMPLATE.xlsx
------------------------------------------------------------------------------
[SKILL_TEMPLATE.xlsx(Sheet1): ROW 1]
Found object mark: '#SKILL_TEMPLATE{{}}'
Parsing Object Object Table...
Using key index: 1

Loading: C:\Users\beny\Desktop\New Unity Project\Personal_Project\Util\Excel2Json\STAGE_INFO.xlsx
Parsing: C:\Users\beny\Desktop\New Unity Project\Personal_Project\Util\Excel2Json\STAGE_INFO.xlsx.$$$\Sheet1.csv
Closing: C:\Users\beny\Desktop\New Unity Project\Personal_Project\Util\Excel2Json\STAGE_INFO.xlsx
------------------------------------------------------------------------------
[STAGE_INFO.xlsx(Sheet1): ROW 1]
Found object mark: '#STAGE_INFO{{}}'
Parsing Object Object Table...
Using key index: 1
